Trial 3 finished with values: [0.09897161989795919, 0.09325406648674761] and parameters: {'lr': 1.912629084853302e-05, 'dropout': 0.3114099452367127, 'patch_size': 8, 'embed_dim': 384, 'depth': 4, 'n_heads': 2, 'mlp_ratio': 4, 'mix_ratio': 0.23439349791893666, 'weight_decay': 0.0016242183339116492}.
Trial 4 failed with parameters: {'lr': 0.00015285720057390157, 'dropout': 0.2500510342241631, 'patch_size': 8, 'embed_dim': 192, 'depth': 3, 'n_heads': 3, 'mlp_ratio': 3, 'mix_ratio': 0.2242879249040009, 'weight_decay': 0.00489953914044114} because of the following error: KeyboardInterrupt().
Traceback (most recent call last):
  File "/ai/mount/stxyx/miniconda3/envs/py3810/lib/python3.8/site-packages/optuna/study/_optimize.py", line 197, in _run_trial
    value_or_values = func(trial)
  File "Vit_optuna_v2.py", line 237, in objective
    for img, target in train_loader:
  File "/ai/mount/stxyx/miniconda3/envs/py3810/lib/python3.8/site-packages/torch/utils/data/dataloader.py", line 630, in __next__
    data = self._next_data()
  File "/ai/mount/stxyx/miniconda3/envs/py3810/lib/python3.8/site-packages/torch/utils/data/dataloader.py", line 1327, in _next_data
    idx, data = self._get_data()
  File "/ai/mount/stxyx/miniconda3/envs/py3810/lib/python3.8/site-packages/torch/utils/data/dataloader.py", line 1283, in _get_data
    success, data = self._try_get_data()
  File "/ai/mount/stxyx/miniconda3/envs/py3810/lib/python3.8/site-packages/torch/utils/data/dataloader.py", line 1131, in _try_get_data
    data = self._data_queue.get(timeout=timeout)
  File "/ai/mount/stxyx/miniconda3/envs/py3810/lib/python3.8/queue.py", line 179, in get
    self.not_empty.wait(remaining)
  File "/ai/mount/stxyx/miniconda3/envs/py3810/lib/python3.8/threading.py", line 306, in wait
    gotit = waiter.acquire(True, timeout)
KeyboardInterrupt
Trial 4 failed with value None.
